<?xml version="1.0" encoding="UTF-8"?>
<!-- Generated by org.testng.reporters.JUnitReportReporter -->
<testsuite hostname="DESKTOP-5QOIQM6" failures="0" tests="1" name="testNg.Window_Handler" time="11.666" errors="0" timestamp="2022-05-12T23:44:15 EDT" skipped="0">
  <testcase classname="testNg.Window_Handler" name="windowHandle" time="11.666"/>
  <system-out/>
</testsuite> <!-- testNg.Window_Handler -->
