<?xml version="1.0" encoding="UTF-8"?>
<!-- Generated by org.testng.reporters.JUnitReportReporter -->
<testsuite hostname="DESKTOP-5QOIQM6" failures="0" tests="1" name="testNg.HomeWork" time="10.352" errors="0" timestamp="2022-05-11T22:30:37 EDT" skipped="0">
  <testcase classname="testNg.HomeWork" name="login" time="10.352"/>
  <system-out/>
</testsuite> <!-- testNg.HomeWork -->
